#! /usr/local/bin/vvp
:ivl_version "12.0 (stable)";
:ivl_delay_selection "TYPICAL";
:vpi_time_precision - 12;
:vpi_module "/usr/local/lib/ivl/system.vpi";
:vpi_module "/usr/local/lib/ivl/vhdl_sys.vpi";
:vpi_module "/usr/local/lib/ivl/vhdl_textio.vpi";
:vpi_module "/usr/local/lib/ivl/v2005_math.vpi";
:vpi_module "/usr/local/lib/ivl/va_math.vpi";
:vpi_module "/usr/local/lib/ivl/v2009.vpi";
S_0x98b240 .scope package, "$unit" "$unit" 2 1;
 .timescale 0 0;
S_0x98b3d0 .scope module, "state_machine_mealy_tb" "state_machine_mealy_tb" 3 3;
 .timescale -9 -12;
v0x9a1930_0 .var "clk", 0 0;
v0x9a19f0_0 .var "in", 0 0;
v0x9a1ac0_0 .net "out", 0 0, v0x9a1600_0;  1 drivers
v0x9a1bc0_0 .var "reset", 0 0;
S_0x962580 .scope module, "dut" "state_machine_mealy" 3 8, 4 3 0, S_0x98b3d0;
 .timescale -9 -12;
    .port_info 0 /INPUT 1 "clk";
    .port_info 1 /INPUT 1 "reset";
    .port_info 2 /INPUT 1 "in";
    .port_info 3 /OUTPUT 1 "out";
P_0x962760 .param/l "DETECT" 1 4 4, C4<10>;
P_0x9627a0 .param/l "IDLE" 1 4 4, C4<00>;
P_0x9627e0 .param/l "ONE" 1 4 4, C4<01>;
P_0x962820 .param/l "SEQ" 0 4 3, C4<11>;
v0x987320_0 .net "clk", 0 0, v0x9a1930_0;  1 drivers
v0x9a1450_0 .net "in", 0 0, v0x9a19f0_0;  1 drivers
v0x9a1510_0 .var "next_state", 1 0;
v0x9a1600_0 .var "out", 0 0;
v0x9a16c0_0 .net "reset", 0 0, v0x9a1bc0_0;  1 drivers
v0x9a17d0_0 .var "state", 1 0;
E_0x98bcc0 .event anyedge, v0x9a17d0_0;
E_0x98bd00 .event anyedge, v0x9a17d0_0, v0x9a1450_0;
E_0x98b9f0 .event posedge, v0x9a16c0_0, v0x987320_0;
    .scope S_0x962580;
T_0 ;
    %wait E_0x98b9f0;
    %load/vec4 v0x9a16c0_0;
    %flag_set/vec4 8;
    %jmp/0xz  T_0.0, 8;
    %pushi/vec4 0, 0, 2;
    %assign/vec4 v0x9a17d0_0, 0;
    %jmp T_0.1;
T_0.0 ;
    %load/vec4 v0x9a1510_0;
    %assign/vec4 v0x9a17d0_0, 0;
T_0.1 ;
    %jmp T_0;
    .thread T_0;
    .scope S_0x962580;
T_1 ;
    %wait E_0x98bd00;
    %load/vec4 v0x9a17d0_0;
    %dup/vec4;
    %pushi/vec4 0, 0, 2;
    %cmp/u;
    %jmp/1 T_1.0, 6;
    %dup/vec4;
    %pushi/vec4 1, 0, 2;
    %cmp/u;
    %jmp/1 T_1.1, 6;
    %dup/vec4;
    %pushi/vec4 2, 0, 2;
    %cmp/u;
    %jmp/1 T_1.2, 6;
    %pushi/vec4 0, 0, 2;
    %store/vec4 v0x9a1510_0, 0, 2;
    %jmp T_1.4;
T_1.0 ;
    %load/vec4 v0x9a1450_0;
    %cmpi/e 1, 0, 1;
    %jmp/0xz  T_1.5, 4;
    %pushi/vec4 1, 0, 2;
    %store/vec4 v0x9a1510_0, 0, 2;
    %jmp T_1.6;
T_1.5 ;
    %pushi/vec4 0, 0, 2;
    %store/vec4 v0x9a1510_0, 0, 2;
T_1.6 ;
    %jmp T_1.4;
T_1.1 ;
    %load/vec4 v0x9a1450_0;
    %cmpi/e 1, 0, 1;
    %jmp/0xz  T_1.7, 4;
    %pushi/vec4 2, 0, 2;
    %store/vec4 v0x9a1510_0, 0, 2;
    %jmp T_1.8;
T_1.7 ;
    %load/vec4 v0x9a1450_0;
    %cmpi/e 1, 0, 1;
    %jmp/0xz  T_1.9, 4;
    %pushi/vec4 1, 0, 2;
    %store/vec4 v0x9a1510_0, 0, 2;
    %jmp T_1.10;
T_1.9 ;
    %pushi/vec4 0, 0, 2;
    %store/vec4 v0x9a1510_0, 0, 2;
T_1.10 ;
T_1.8 ;
    %jmp T_1.4;
T_1.2 ;
    %load/vec4 v0x9a1450_0;
    %cmpi/e 1, 0, 1;
    %jmp/0xz  T_1.11, 4;
    %pushi/vec4 1, 0, 2;
    %store/vec4 v0x9a1510_0, 0, 2;
    %jmp T_1.12;
T_1.11 ;
    %pushi/vec4 0, 0, 2;
    %store/vec4 v0x9a1510_0, 0, 2;
T_1.12 ;
    %jmp T_1.4;
T_1.4 ;
    %pop/vec4 1;
    %jmp T_1;
    .thread T_1, $push;
    .scope S_0x962580;
T_2 ;
    %wait E_0x98bcc0;
    %load/vec4 v0x9a17d0_0;
    %dup/vec4;
    %pushi/vec4 0, 0, 2;
    %cmp/u;
    %jmp/1 T_2.0, 6;
    %dup/vec4;
    %pushi/vec4 1, 0, 2;
    %cmp/u;
    %jmp/1 T_2.1, 6;
    %dup/vec4;
    %pushi/vec4 2, 0, 2;
    %cmp/u;
    %jmp/1 T_2.2, 6;
    %pushi/vec4 0, 0, 1;
    %store/vec4 v0x9a1600_0, 0, 1;
    %jmp T_2.4;
T_2.0 ;
    %pushi/vec4 0, 0, 1;
    %store/vec4 v0x9a1600_0, 0, 1;
    %jmp T_2.4;
T_2.1 ;
    %pushi/vec4 0, 0, 1;
    %store/vec4 v0x9a1600_0, 0, 1;
    %jmp T_2.4;
T_2.2 ;
    %pushi/vec4 1, 0, 1;
    %store/vec4 v0x9a1600_0, 0, 1;
    %jmp T_2.4;
T_2.4 ;
    %pop/vec4 1;
    %jmp T_2;
    .thread T_2, $push;
    .scope S_0x98b3d0;
T_3 ;
    %pushi/vec4 0, 0, 1;
    %store/vec4 v0x9a1930_0, 0, 1;
T_3.0 ;
    %delay 5000, 0;
    %load/vec4 v0x9a1930_0;
    %inv;
    %store/vec4 v0x9a1930_0, 0, 1;
    %jmp T_3.0;
    %end;
    .thread T_3;
    .scope S_0x98b3d0;
T_4 ;
    %vpi_call/w 3 18 "$dumpfile", "mealy_waveform.vcd" {0 0 0};
    %vpi_call/w 3 19 "$dumpvars", 32'sb00000000000000000000000000000000, S_0x98b3d0 {0 0 0};
    %pushi/vec4 1, 0, 1;
    %store/vec4 v0x9a1bc0_0, 0, 1;
    %pushi/vec4 0, 0, 1;
    %store/vec4 v0x9a19f0_0, 0, 1;
    %delay 10000, 0;
    %pushi/vec4 0, 0, 1;
    %store/vec4 v0x9a1bc0_0, 0, 1;
    %delay 10000, 0;
    %pushi/vec4 1, 0, 1;
    %store/vec4 v0x9a19f0_0, 0, 1;
    %delay 10000, 0;
    %pushi/vec4 1, 0, 1;
    %store/vec4 v0x9a19f0_0, 0, 1;
    %delay 10000, 0;
    %pushi/vec4 0, 0, 1;
    %store/vec4 v0x9a19f0_0, 0, 1;
    %delay 10000, 0;
    %pushi/vec4 1, 0, 1;
    %store/vec4 v0x9a19f0_0, 0, 1;
    %delay 10000, 0;
    %pushi/vec4 1, 0, 1;
    %store/vec4 v0x9a19f0_0, 0, 1;
    %delay 10000, 0;
    %pushi/vec4 0, 0, 1;
    %store/vec4 v0x9a19f0_0, 0, 1;
    %delay 20000, 0;
    %pushi/vec4 1, 0, 1;
    %store/vec4 v0x9a19f0_0, 0, 1;
    %delay 10000, 0;
    %pushi/vec4 1, 0, 1;
    %store/vec4 v0x9a19f0_0, 0, 1;
    %delay 10000, 0;
    %pushi/vec4 0, 0, 1;
    %store/vec4 v0x9a19f0_0, 0, 1;
    %delay 20000, 0;
    %vpi_call/w 3 40 "$finish" {0 0 0};
    %end;
    .thread T_4;
# The file index is used to find the file name in the following table.
:file_names 5;
    "N/A";
    "<interactive>";
    "-";
    "testbench.sv";
    "design.sv";
